<?xml version="1.0" encoding="UTF-8"?>
<!-- Generated by org.testng.reporters.JUnitXMLReporter -->
<testsuite ignored="2" hostname="Shalinis-MacBook-Pro.local" failures="1" tests="6" name="Smoke Test" time="180.419" errors="0" timestamp="2023-12-01T01:09:52 IST">
  <testcase classname="com.bschool.chats.bschoolAndroid.tests.HomePageTest" name="homePage_displayedTest" time="3.93"/>
  <testcase classname="com.bschool.chats.bschoolAndroid.tests.EventPageTest" name="eventPage_addEventTest" time="35.592"/>
  <testcase classname="com.bschool.chats.bschoolAndroid.tests.EventPageTest" name="eventPage_displayedTest" time="5.431"/>
  <testcase classname="com.bschool.chats.bschoolAndroid.tests.ChatPageTest" name="chatPage_addAGroup" time="27.125">
    <skipped/>
  </testcase> <!-- chatPage_addAGroup -->
  <testcase classname="com.bschool.chats.bschoolAndroid.tests.ChatPageTest" name="chatPage_addAGroup" time="26.742">
    <failure type="org.openqa.selenium.NoSuchElementException" message="An element could not be located on the page using the given search parameters.
For documentation on this error, please visit: https://www.selenium.dev/documentation/webdriver/troubleshooting/errors#no-such-element-exception
Build info: version: &amp;apos;4.15.0&amp;apos;, revision: &amp;apos;1d14b5521b&amp;apos;
System info: os.name: &amp;apos;Mac OS X&amp;apos;, os.arch: &amp;apos;aarch64&amp;apos;, os.version: &amp;apos;14.1&amp;apos;, java.version: &amp;apos;21.0.1&amp;apos;
Driver info: io.appium.java_client.android.AndroidDriver
Command: [c03c9bd8-d742-4c7d-955d-e6a3f932a1c3, findElement {using=xpath, value=//android.widget.TextView[@text=&amp;quot;Chats&amp;quot;]}]
Capabilities {appium:app: /Users/shalinigupta/Desktop..., appium:appPackage: com.bschool.chats, appium:automationName: UiAutomator2, appium:databaseEnabled: false, appium:desired: {app: /Users/shalinigupta/Desktop..., automationName: UiAutomator2, deviceName: Pixel 7 Pro API 30, platformName: ANDROID}, appium:deviceApiLevel: 30, appium:deviceManufacturer: Google, appium:deviceModel: sdk_gphone_arm64, appium:deviceName: emulator-5554, appium:deviceScreenDensity: 560, appium:deviceScreenSize: 1440x3120, appium:deviceUDID: emulator-5554, appium:javascriptEnabled: true, appium:locationContextEnabled: false, appium:networkConnectionEnabled: true, appium:pixelRatio: 3.5, appium:platformVersion: 11, appium:statBarHeight: 84, appium:takesScreenshot: true, appium:viewportRect: {height: 2868, left: 0, top: 84, width: 1440}, appium:warnings: {}, appium:webStorageEnabled: false, platformName: ANDROID}
Session ID: c03c9bd8-d742-4c7d-955d-e6a3f932a1c3">
      <![CDATA[org.openqa.selenium.NoSuchElementException: An element could not be located on the page using the given search parameters.
For documentation on this error, please visit: https://www.selenium.dev/documentation/webdriver/troubleshooting/errors#no-such-element-exception
Build info: version: '4.15.0', revision: '1d14b5521b'
System info: os.name: 'Mac OS X', os.arch: 'aarch64', os.version: '14.1', java.version: '21.0.1'
Driver info: io.appium.java_client.android.AndroidDriver
Command: [c03c9bd8-d742-4c7d-955d-e6a3f932a1c3, findElement {using=xpath, value=//android.widget.TextView[@text="Chats"]}]
Capabilities {appium:app: /Users/shalinigupta/Desktop..., appium:appPackage: com.bschool.chats, appium:automationName: UiAutomator2, appium:databaseEnabled: false, appium:desired: {app: /Users/shalinigupta/Desktop..., automationName: UiAutomator2, deviceName: Pixel 7 Pro API 30, platformName: ANDROID}, appium:deviceApiLevel: 30, appium:deviceManufacturer: Google, appium:deviceModel: sdk_gphone_arm64, appium:deviceName: emulator-5554, appium:deviceScreenDensity: 560, appium:deviceScreenSize: 1440x3120, appium:deviceUDID: emulator-5554, appium:javascriptEnabled: true, appium:locationContextEnabled: false, appium:networkConnectionEnabled: true, appium:pixelRatio: 3.5, appium:platformVersion: 11, appium:statBarHeight: 84, appium:takesScreenshot: true, appium:viewportRect: {height: 2868, left: 0, top: 84, width: 1440}, appium:warnings: {}, appium:webStorageEnabled: false, platformName: ANDROID}
Session ID: c03c9bd8-d742-4c7d-955d-e6a3f932a1c3
at org.openqa.selenium.remote.codec.w3c.W3CHttpResponseCodec.createException(W3CHttpResponseCodec.java:200)
at org.openqa.selenium.remote.codec.w3c.W3CHttpResponseCodec.decode(W3CHttpResponseCodec.java:133)
at org.openqa.selenium.remote.codec.w3c.W3CHttpResponseCodec.decode(W3CHttpResponseCodec.java:52)
at org.openqa.selenium.remote.HttpCommandExecutor.execute(HttpCommandExecutor.java:191)
at io.appium.java_client.remote.AppiumCommandExecutor.execute(AppiumCommandExecutor.java:238)
at org.openqa.selenium.remote.RemoteWebDriver.execute(RemoteWebDriver.java:607)
at org.openqa.selenium.remote.ElementLocation$ElementFinder$2.findElement(ElementLocation.java:165)
at org.openqa.selenium.remote.ElementLocation.findElement(ElementLocation.java:59)
at org.openqa.selenium.remote.RemoteWebDriver.findElement(RemoteWebDriver.java:364)
at org.openqa.selenium.remote.RemoteWebDriver.findElement(RemoteWebDriver.java:358)
at org.openqa.selenium.support.pagefactory.DefaultElementLocator.findElement(DefaultElementLocator.java:68)
at org.openqa.selenium.support.pagefactory.internal.LocatingElementHandler.invoke(LocatingElementHandler.java:38)
at jdk.proxy2/jdk.proxy2.$Proxy16.click(Unknown Source)
at com.bschool.chats.bschoolAndroid.AbstractComponents.AbstractComponents.clickChat(AbstractComponents.java:140)
at com.bschool.chats.bschoolAndroid.pageojects.ChatPage.createAGroupChat(ChatPage.java:193)
at com.bschool.chats.bschoolAndroid.tests.ChatPageTest.chatPage_addAGroup(ChatPageTest.java:51)
at java.base/java.util.ArrayList.forEach(ArrayList.java:1596)
... Removed 28 stack frames]]>
    </failure>
  </testcase> <!-- chatPage_addAGroup -->
  <testcase classname="com.bschool.chats.bschoolAndroid.tests.ChatPageTest" name="chatPage_displayedTest" time="9.036"/>
  <testcase classname="com.bschool.chats.bschoolAndroid.tests.EventPageTest" name="eventPage_readDetails" time="0.0">
    <ignored/>
  </testcase> <!-- eventPage_readDetails -->
  <testcase classname="com.bschool.chats.bschoolAndroid.tests.EventPageTest" name="eventPage_editEvent" time="0.0">
    <ignored/>
  </testcase> <!-- eventPage_editEvent -->
</testsuite> <!-- Smoke Test -->
